#
# There is insufficient memory for the Java Runtime Environment to continue.
# Native memory allocation (malloc) failed to allocate 32784 bytes for Chunk::new
# Possible reasons:
#   The system is out of physical RAM or swap space
#   In 32 bit mode, the process size limit was hit
# Possible solutions:
#   Reduce memory load on the system
#   Increase physical memory or swap space
#   Check if swap backing store is full
#   Use 64 bit Java on a 64 bit OS
#   Decrease Java heap size (-Xmx/-Xms)
#   Decrease number of Java threads
#   Decrease Java thread stack sizes (-Xss)
#   Set larger code cache with -XX:ReservedCodeCacheSize=
# This output file may be truncated or incomplete.
#
#  Out of Memory Error (allocation.cpp:390), pid=11748, tid=0x00000000000032bc
#
# JRE version: OpenJDK Runtime Environment (8.0_112-b06) (build 1.8.0_112-release-b06)
# Java VM: OpenJDK 64-Bit Server VM (25.112-b06 mixed mode windows-amd64 compressed oops)
# Failed to write core dump. Minidumps are not enabled by default on client versions of Windows
#

---------------  T H R E A D  ---------------

Current thread (0x0000000057e7d000):  JavaThread "C2 CompilerThread1" daemon [_thread_in_native, id=12988, stack(0x0000000058740000,0x0000000058840000)]

Stack: [0x0000000058740000,0x0000000058840000]
[error occurred during error reporting (printing stack bounds), id 0xc0000005]

Native frames: (J=compiled Java code, j=interpreted, Vv=VM code, C=native code)


Current CompileTask:
C2:  14396 1785       4       sun.misc.ProxyGenerator$ConstantPool::getValue (91 bytes)


---------------  P R O C E S S  ---------------

Java Threads: ( => current thread )
  0x0000000059bcc000 JavaThread "File lock request listener" [_thread_in_native, id=9328, stack(0x000000005c7d0000,0x000000005c8d0000)]
  0x00000000599d3800 JavaThread "Stdin handler" [_thread_blocked, id=1296, stack(0x000000005c030000,0x000000005c130000)]
  0x00000000580c9000 JavaThread "Asynchronous log dispatcher for DefaultDaemonConnection: socket connection from /127.0.0.1:54725 to /127.0.0.1:54726" [_thread_blocked, id=10168, stack(0x000000005c2d0000,0x000000005c3d0000)]
  0x00000000580c2800 JavaThread "Daemon worker" [_thread_in_vm, id=8004, stack(0x000000005c190000,0x000000005c290000)]
  0x0000000059f3e000 JavaThread "Cancel handler" [_thread_blocked, id=12084, stack(0x000000005bf20000,0x000000005c020000)]
  0x0000000059235000 JavaThread "Handler for socket connection from /127.0.0.1:54725 to /127.0.0.1:54726" [_thread_in_native, id=12500, stack(0x000000005bbe0000,0x000000005bce0000)]
  0x0000000059233800 JavaThread "Daemon" [_thread_blocked, id=12464, stack(0x000000005be20000,0x000000005bf20000)]
  0x000000005a128000 JavaThread "pool-1-thread-1" [_thread_blocked, id=6676, stack(0x000000005bce0000,0x000000005bde0000)]
  0x000000005a375800 JavaThread "Incoming local TCP Connector on port 54725" [_thread_in_native, id=4396, stack(0x000000005b8e0000,0x000000005b9e0000)]
  0x0000000057ee9000 JavaThread "Service Thread" daemon [_thread_blocked, id=10612, stack(0x0000000058a40000,0x0000000058b40000)]
  0x0000000057e7e000 JavaThread "C1 CompilerThread2" daemon [_thread_blocked, id=13244, stack(0x0000000058880000,0x0000000058980000)]
=>0x0000000057e7d000 JavaThread "C2 CompilerThread1" daemon [_thread_in_native, id=12988, stack(0x0000000058740000,0x0000000058840000)]
  0x000000000729c000 JavaThread "C2 CompilerThread0" daemon [_thread_blocked, id=11296, stack(0x0000000058610000,0x0000000058710000)]
  0x0000000057e6a800 JavaThread "Attach Listener" daemon [_thread_blocked, id=12276, stack(0x0000000058420000,0x0000000058520000)]
  0x000000000728c000 JavaThread "Signal Dispatcher" daemon [_thread_blocked, id=12376, stack(0x00000000582b0000,0x00000000583b0000)]
  0x0000000007277000 JavaThread "Finalizer" daemon [_thread_blocked, id=12840, stack(0x0000000057d60000,0x0000000057e60000)]
  0x0000000007230000 JavaThread "Reference Handler" daemon [_thread_blocked, id=11560, stack(0x0000000057c10000,0x0000000057d10000)]
  0x000000000234e000 JavaThread "main" [_thread_blocked, id=12044, stack(0x0000000002640000,0x0000000002740000)]

Other Threads:
  0x0000000007228800 VMThread [stack: 0x0000000057a60000,0x0000000057b60000] [id=13100]
  0x0000000057eeb000 WatcherThread [stack: 0x0000000058bc0000,0x0000000058cc0000] [id=4448]

VM state:not at safepoint (normal execution)

VM Mutex/Monitor currently owned by a thread: None

Heap:
 PSYoungGen      total 68096K, used 21407K [0x00000000e0000000, 0x00000000e9300000, 0x0000000100000000)
  eden space 65536K, 32% used [0x00000000e0000000,0x00000000e14e7d88,0x00000000e4000000)
  from space 2560K, 0% used [0x00000000e4000000,0x00000000e4000000,0x00000000e4280000)
  to   space 9728K, 0% used [0x00000000e8980000,0x00000000e8980000,0x00000000e9300000)
 ParOldGen       total 38912K, used 11923K [0x00000000a0000000, 0x00000000a2600000, 0x00000000e0000000)
  object space 38912K, 30% used [0x00000000a0000000,0x00000000a0ba4f80,0x00000000a2600000)
 Metaspace       used 22813K, capacity 23250K, committed 23424K, reserved 1069056K
  class space    used 3026K, capacity 3148K, committed 3200K, reserved 1048576K

Card table byte_map: [0x0000000002b00000,0x0000000002e10000] byte_map_base: 0x0000000002600000

Marking Bits: (ParMarkBitMap*) 0x00000000084018f0
 Begin Bits: [0x00000000035a0000, 0x0000000004da0000)
 End Bits:   [0x0000000004da0000, 0x00000000065a0000)

Polling page: 0x0000000000110000

CodeCache: size=245760Kb used=7339Kb max_used=7339Kb free=238420Kb
 bounds [0x0000000008480000, 0x0000000008bb0000, 0x0000000017480000]
 total_blobs=2406 nmethods=1758 adapters=561
 compilation: enabled

Compilation events (10 events):
Event: 14.379 Thread 0x0000000057e7d000 1785       4       sun.misc.ProxyGenerator$ConstantPool::getValue (91 bytes)
Event: 14.379 Thread 0x000000000729c000 1786       4       java.util.ArrayList::<init> (12 bytes)
Event: 14.379 Thread 0x0000000057e7e000 nmethod 1784 0x0000000008ba1e50 code [0x0000000008ba1fc0, 0x0000000008ba21f0]
Event: 14.379 Thread 0x000000000729c000 nmethod 1786 0x0000000008ba0d10 code [0x0000000008ba0e40, 0x0000000008ba0eb8]
Event: 14.379 Thread 0x0000000057e7e000 1787       3       sun.misc.ProxyGenerator$ConstantPool::getString (21 bytes)
Event: 14.380 Thread 0x0000000057e7e000 nmethod 1787 0x0000000008ba14d0 code [0x0000000008ba1680, 0x0000000008ba1b88]
Event: 14.380 Thread 0x0000000057e7e000 1788       3       sun.misc.ProxyGenerator::code_ldc (64 bytes)
Event: 14.380 Thread 0x0000000057e7e000 nmethod 1788 0x0000000008bac890 code [0x0000000008bacaa0, 0x0000000008bad688]
Event: 14.380 Thread 0x0000000057e7e000 1789       3       java.lang.Class::forName (15 bytes)
Event: 14.381 Thread 0x0000000057e7e000 nmethod 1789 0x0000000008ba7e50 code [0x0000000008ba7fe0, 0x0000000008ba82b8]

GC Heap History (10 events):
Event: 1.229 GC heap before
{Heap before GC invocations=2 (full 0):
 PSYoungGen      total 18944K, used 18884K [0x00000000e0000000, 0x00000000e2500000, 0x0000000100000000)
  eden space 16384K, 99% used [0x00000000e0000000,0x00000000e0ff7070,0x00000000e1000000)
  from space 2560K, 99% used [0x00000000e1000000,0x00000000e127a020,0x00000000e1280000)
  to   space 2560K, 0% used [0x00000000e2280000,0x00000000e2280000,0x00000000e2500000)
 ParOldGen       total 44032K, used 806K [0x00000000a0000000, 0x00000000a2b00000, 0x00000000e0000000)
  object space 44032K, 1% used [0x00000000a0000000,0x00000000a00c9958,0x00000000a2b00000)
 Metaspace       used 6846K, capacity 7024K, committed 7040K, reserved 1056768K
  class space    used 836K, capacity 892K, committed 896K, reserved 1048576K
Event: 1.237 GC heap after
Heap after GC invocations=2 (full 0):
 PSYoungGen      total 35328K, used 2540K [0x00000000e0000000, 0x00000000e2500000, 0x0000000100000000)
  eden space 32768K, 0% used [0x00000000e0000000,0x00000000e0000000,0x00000000e2000000)
  from space 2560K, 99% used [0x00000000e2280000,0x00000000e24fb278,0x00000000e2500000)
  to   space 2560K, 0% used [0x00000000e2000000,0x00000000e2000000,0x00000000e2280000)
 ParOldGen       total 44032K, used 1135K [0x00000000a0000000, 0x00000000a2b00000, 0x00000000e0000000)
  object space 44032K, 2% used [0x00000000a0000000,0x00000000a011bce8,0x00000000a2b00000)
 Metaspace       used 6846K, capacity 7024K, committed 7040K, reserved 1056768K
  class space    used 836K, capacity 892K, committed 896K, reserved 1048576K
}
Event: 8.944 GC heap before
{Heap before GC invocations=3 (full 0):
 PSYoungGen      total 35328K, used 35308K [0x00000000e0000000, 0x00000000e2500000, 0x0000000100000000)
  eden space 32768K, 100% used [0x00000000e0000000,0x00000000e2000000,0x00000000e2000000)
  from space 2560K, 99% used [0x00000000e2280000,0x00000000e24fb278,0x00000000e2500000)
  to   space 2560K, 0% used [0x00000000e2000000,0x00000000e2000000,0x00000000e2280000)
 ParOldGen       total 44032K, used 1135K [0x00000000a0000000, 0x00000000a2b00000, 0x00000000e0000000)
  object space 44032K, 2% used [0x00000000a0000000,0x00000000a011bce8,0x00000000a2b00000)
 Metaspace       used 13055K, capacity 13422K, committed 13696K, reserved 1060864K
  class space    used 1718K, capacity 1842K, committed 1920K, reserved 1048576K
Event: 9.020 GC heap after
Heap after GC invocations=3 (full 0):
 PSYoungGen      total 35328K, used 2536K [0x00000000e0000000, 0x00000000e4500000, 0x0000000100000000)
  eden space 32768K, 0% used [0x00000000e0000000,0x00000000e0000000,0x00000000e2000000)
  from space 2560K, 99% used [0x00000000e2000000,0x00000000e227a020,0x00000000e2280000)
  to   space 2560K, 0% used [0x00000000e4280000,0x00000000e4280000,0x00000000e4500000)
 ParOldGen       total 44032K, used 4798K [0x00000000a0000000, 0x00000000a2b00000, 0x00000000e0000000)
  object space 44032K, 10% used [0x00000000a0000000,0x00000000a04af950,0x00000000a2b00000)
 Metaspace       used 13055K, capacity 13422K, committed 13696K, reserved 1060864K
  class space    used 1718K, capacity 1842K, committed 1920K, reserved 1048576K
}
Event: 10.715 GC heap before
{Heap before GC invocations=4 (full 0):
 PSYoungGen      total 35328K, used 35304K [0x00000000e0000000, 0x00000000e4500000, 0x0000000100000000)
  eden space 32768K, 100% used [0x00000000e0000000,0x00000000e2000000,0x00000000e2000000)
  from space 2560K, 99% used [0x00000000e2000000,0x00000000e227a020,0x00000000e2280000)
  to   space 2560K, 0% used [0x00000000e4280000,0x00000000e4280000,0x00000000e4500000)
 ParOldGen       total 44032K, used 4798K [0x00000000a0000000, 0x00000000a2b00000, 0x00000000e0000000)
  object space 44032K, 10% used [0x00000000a0000000,0x00000000a04af950,0x00000000a2b00000)
 Metaspace       used 16268K, capacity 16650K, committed 16768K, reserved 1062912K
  class space    used 2259K, capacity 2400K, committed 2432K, reserved 1048576K
Event: 10.759 GC heap after
Heap after GC invocations=4 (full 0):
 PSYoungGen      total 68096K, used 2536K [0x00000000e0000000, 0x00000000e4500000, 0x0000000100000000)
  eden space 65536K, 0% used [0x00000000e0000000,0x00000000e0000000,0x00000000e4000000)
  from space 2560K, 99% used [0x00000000e4280000,0x00000000e44fa020,0x00000000e4500000)
  to   space 2560K, 0% used [0x00000000e4000000,0x00000000e4000000,0x00000000e4280000)
 ParOldGen       total 44032K, used 8979K [0x00000000a0000000, 0x00000000a2b00000, 0x00000000e0000000)
  object space 44032K, 20% used [0x00000000a0000000,0x00000000a08c4d58,0x00000000a2b00000)
 Metaspace       used 16268K, capacity 16650K, committed 16768K, reserved 1062912K
  class space    used 2259K, capacity 2400K, committed 2432K, reserved 1048576K
}
Event: 12.082 GC heap before
{Heap before GC invocations=5 (full 0):
 PSYoungGen      total 68096K, used 27389K [0x00000000e0000000, 0x00000000e4500000, 0x0000000100000000)
  eden space 65536K, 37% used [0x00000000e0000000,0x00000000e18456d0,0x00000000e4000000)
  from space 2560K, 99% used [0x00000000e4280000,0x00000000e44fa020,0x00000000e4500000)
  to   space 2560K, 0% used [0x00000000e4000000,0x00000000e4000000,0x00000000e4280000)
 ParOldGen       total 44032K, used 8979K [0x00000000a0000000, 0x00000000a2b00000, 0x00000000e0000000)
  object space 44032K, 20% used [0x00000000a0000000,0x00000000a08c4d58,0x00000000a2b00000)
 Metaspace       used 20701K, capacity 21110K, committed 21248K, reserved 1067008K
  class space    used 2798K, capacity 2948K, committed 3072K, reserved 1048576K
Event: 12.129 GC heap after
Heap after GC invocations=5 (full 0):
 PSYoungGen      total 68096K, used 2560K [0x00000000e0000000, 0x00000000e9300000, 0x0000000100000000)
  eden space 65536K, 0% used [0x00000000e0000000,0x00000000e0000000,0x00000000e4000000)
  from space 2560K, 100% used [0x00000000e4000000,0x00000000e4280000,0x00000000e4280000)
  to   space 9728K, 0% used [0x00000000e8980000,0x00000000e8980000,0x00000000e9300000)
 ParOldGen       total 44032K, used 14098K [0x00000000a0000000, 0x00000000a2b00000, 0x00000000e0000000)
  object space 44032K, 32% used [0x00000000a0000000,0x00000000a0dc4968,0x00000000a2b00000)
 Metaspace       used 20701K, capacity 21110K, committed 21248K, reserved 1067008K
  class space    used 2798K, capacity 2948K, committed 3072K, reserved 1048576K
}
Event: 12.129 GC heap before
{Heap before GC invocations=6 (full 1):
 PSYoungGen      total 68096K, used 2560K [0x00000000e0000000, 0x00000000e9300000, 0x0000000100000000)
  eden space 65536K, 0% used [0x00000000e0000000,0x00000000e0000000,0x00000000e4000000)
  from space 2560K, 100% used [0x00000000e4000000,0x00000000e4280000,0x00000000e4280000)
  to   space 9728K, 0% used [0x00000000e8980000,0x00000000e8980000,0x00000000e9300000)
 ParOldGen       total 44032K, used 14098K [0x00000000a0000000, 0x00000000a2b00000, 0x00000000e0000000)
  object space 44032K, 32% used [0x00000000a0000000,0x00000000a0dc4968,0x00000000a2b00000)
 Metaspace       used 20701K, capacity 21110K, committed 21248K, reserved 1067008K
  class space    used 2798K, capacity 2948K, committed 3072K, reserved 1048576K
Event: 12.216 GC heap after
Heap after GC invocations=6 (full 1):
 PSYoungGen      total 68096K, used 0K [0x00000000e0000000, 0x00000000e9300000, 0x0000000100000000)
  eden space 65536K, 0% used [0x00000000e0000000,0x00000000e0000000,0x00000000e4000000)
  from space 2560K, 0% used [0x00000000e4000000,0x00000000e4000000,0x00000000e4280000)
  to   space 9728K, 0% used [0x00000000e8980000,0x00000000e8980000,0x00000000e9300000)
 ParOldGen       total 38912K, used 11923K [0x00000000a0000000, 0x00000000a2600000, 0x00000000e0000000)
  object space 38912K, 30% used [0x00000000a0000000,0x00000000a0ba4f80,0x00000000a2600000)
 Metaspace       used 20701K, capacity 21110K, committed 21248K, reserved 1067008K
  class space    used 2798K, capacity 2948K, committed 3072K, reserved 1048576K
}

Deoptimization events (10 events):
Event: 11.247 Thread 0x00000000580c2800 Uncommon trap: reason=class_check action=maybe_recompile pc=0x000000000866ec18 method=java.lang.String.equals(Ljava/lang/Object;)Z @ 8
Event: 11.248 Thread 0x00000000580c2800 Uncommon trap: reason=class_check action=maybe_recompile pc=0x000000000866ec18 method=java.lang.String.equals(Ljava/lang/Object;)Z @ 8
Event: 11.248 Thread 0x00000000580c2800 Uncommon trap: reason=class_check action=maybe_recompile pc=0x000000000866ec18 method=java.lang.String.equals(Ljava/lang/Object;)Z @ 8
Event: 11.457 Thread 0x00000000580c2800 Uncommon trap: reason=class_check action=maybe_recompile pc=0x00000000086732e0 method=sun.misc.URLClassPath.getLoader(I)Lsun/misc/URLClassPath$Loader; @ 94
Event: 11.458 Thread 0x00000000580c2800 Uncommon trap: reason=class_check action=maybe_recompile pc=0x0000000008942c7c method=sun.misc.URLClassPath.getResource(Ljava/lang/String;Z)Lsun/misc/Resource; @ 62
Event: 12.007 Thread 0x00000000580c2800 Uncommon trap: reason=class_check action=maybe_recompile pc=0x000000000867347c method=sun.misc.URLClassPath.getLoader(I)Lsun/misc/URLClassPath$Loader; @ 193
Event: 12.015 Thread 0x00000000580c2800 Uncommon trap: reason=class_check action=maybe_recompile pc=0x000000000867347c method=sun.misc.URLClassPath.getLoader(I)Lsun/misc/URLClassPath$Loader; @ 193
Event: 12.043 Thread 0x00000000580c2800 Uncommon trap: reason=class_check action=maybe_recompile pc=0x000000000867347c method=sun.misc.URLClassPath.getLoader(I)Lsun/misc/URLClassPath$Loader; @ 193
Event: 12.354 Thread 0x00000000580c2800 Uncommon trap: reason=class_check action=maybe_recompile pc=0x00000000086687bc method=sun.misc.URLClassPath.getLoader(I)Lsun/misc/URLClassPath$Loader; @ 94
Event: 14.186 Thread 0x00000000580c2800 Uncommon trap: reason=unstable_if action=reinterpret pc=0x000000000871067c method=java.io.WinNTFileSystem.resolve(Ljava/lang/String;Ljava/lang/String;)Ljava/lang/String; @ 49

Internal exceptions (10 events):
Event: 12.287 Thread 0x00000000580c2800 Exception <a 'java/lang/ClassNotFoundException': org/gradle/api/internal/project/AbstractPluginAwareBeanInfo> (0x00000000e01283e0) thrown at [C:\src\android\AOSP-openjdk\external\jetbrains\jdk\hotspot\src\share\vm\classfile\systemDictionary.cpp, line 210]
Event: 12.287 Thread 0x00000000580c2800 Exception <a 'java/lang/ClassNotFoundException': org/gradle/api/internal/project/AbstractPluginAwareCustomizer> (0x00000000e014bbf8) thrown at [C:\src\android\AOSP-openjdk\external\jetbrains\jdk\hotspot\src\share\vm\classfile\systemDictionary.cpp, line 210<‡JV°“(@
Event: 12.288 Thread 0x00000000580c2800 Exception <a 'java/lang/ClassNotFoundException': org/gradle/invocation/DefaultGradleCustomizer> (0x00000000e016f348) thrown at [C:\src\android\AOSP-openjdk\external\jetbrains\jdk\hotspot\src\share\vm\classfile\systemDictionary.cpp, line 210]
Event: 12.291 Thread 0x00000000580c2800 Exception <a 'java/lang/ClassNotFoundException': org/gradle/invocation/DefaultGradle_DecoratedCustomizer> (0x00000000e01c0c08) thrown at [C:\src\android\AOSP-openjdk\external\jetbrains\jdk\hotspot\src\share\vm\classfile\systemDictionary.cpp, line 210]
Event: 12.359 Thread 0x00000000580c2800 Exception <a 'java/lang/ClassNotFoundException': ijinit8_43gnhteh8n4vdyr2id9lpf6uaBeanInfo> (0x00000000e02e8078) thrown at [C:\src\android\AOSP-openjdk\external\jetbrains\jdk\hotspot\src\share\vm\classfile\systemDictionary.cpp, line 210]
Event: 12.359 Thread 0x00000000580c2800 Exception <a 'java/lang/ClassNotFoundException': ijinit8_43gnhteh8n4vdyr2id9lpf6uaCustomizer> (0x00000000e02f2750) thrown at [C:\src\android\AOSP-openjdk\external\jetbrains\jdk\hotspot\src\share\vm\classfile\systemDictionary.cpp, line 210]
Event: 12.452 Thread 0x00000000580c2800 Exception <a 'java/lang/ClassNotFoundException': org/gradle/internal/metaobject/ConfigureDelegateBeanInfo> (0x00000000e0487e68) thrown at [C:\src\android\AOSP-openjdk\external\jetbrains\jdk\hotspot\src\share\vm\classfile\systemDictionary.cpp, line 210]
Event: 12.453 Thread 0x00000000580c2800 Exception <a 'java/lang/ClassNotFoundException': org/gradle/internal/metaobject/ConfigureDelegateCustomizer> (0x00000000e04a8038) thrown at [C:\src\android\AOSP-openjdk\external\jetbrains\jdk\hotspot\src\share\vm\classfile\systemDictionary.cpp, line 210]
Event: 12.458 Thread 0x00000000580c2800 Exception <a 'java/lang/ClassNotFoundException': org/gradle/api/internal/initialization/DefaultScriptHandlerBeanInfo> (0x00000000e050ae18) thrown at [C:\src\android\AOSP-openjdk\external\jetbrains\jdk\hotspot\src\share\vm\classfile\systemDictionary.cpp, liïÙlêê(@
Event: 12.459 Thread 0x00000000580c2800 Exception <a 'java/lang/ClassNotFoundException': org/gradle/api/internal/initialization/DefaultScriptHandlerCustomizer> (0x00000000e05316b0) thrown at [C:\src\android\AOSP-openjdk\external\jetbrains\jdk\hotspot\src\share\vm\classfile\systemDictionary.cpp, QRä_É’(@

Events (10 events):
Event: 14.386 loading class org/gradle/api/internal/artifacts/configurations/dynamicversion/CachePolicy
Event: 14.386 loading class org/gradle/api/internal/artifacts/configurations/dynamicversion/CachePolicy done
Event: 14.386 loading class org/gradle/api/artifacts/cache/ResolutionRules
Event: 14.386 loading class org/gradle/api/artifacts/cache/ResolutionRules done
Event: 14.386 loading class org/gradle/api/internal/artifacts/ComponentSelectionRulesInternal
Event: 14.386 loading class org/gradle/api/internal/artifacts/ComponentSelectionRulesInternal done
Event: 14.387 loading class org/gradle/api/artifacts/ComponentSelectionRules
Event: 14.387 loading class org/gradle/api/artifacts/ComponentSelectionRules done
Event: 14.387 loading class org/gradle/api/internal/artifacts/ivyservice/resolutionstrategy/DefaultCachePolicy
Event: 14.387 loading class org/gradle/api/internal/artifacts/ivyservice/resolutionstrategy/DefaultCachePolicy done


Dynamic libraries:
0x000000013f2a0000 - 0x000000013f2d1000 	C:\Program Files\Android\Android Studio\jre\bin\java.exe
0x0000000077200000 - 0x00000000773aa000 	C:\Windows\SYSTEM32\ntdll.dll
0x0000000076fa0000 - 0x00000000770bf000 	C:\Windows\system32\kernel32.dll
0x000007fefd0c0000 - 0x000007fefd12a000 	C:\Windows\system32\KERNELBASE.dll
0x000007fefeb70000 - 0x000007fefec4b000 	C:\Windows\system32\ADVAPI32.dll
0x000007fefdef0000 - 0x000007fefdf8f000 	C:\Windows\system32\msvcrt.dll
0x000007feff0f0000 - 0x000007feff10f000 	C:\Windows\SYSTEM32\sechost.dll
0x000007fefefc0000 - 0x000007feff0ed000 	C:\Windows\system32\RPCRT4.dll
0x0000000076ea0000 - 0x0000000076f9a000 	C:\Windows\system32\USER32.dll
0x000007fefe100000 - 0x000007fefe167000 	C:\Windows\system32\GDI32.dll
0x000007feff380000 - 0x000007feff38e000 	C:\Windows\system32\LPK.dll
0x000007fefe170000 - 0x000007fefe23a000 	C:\Windows\system32\USP10.dll
0x000007fefb5b0000 - 0x000007fefb7a4000 	C:\Windows\WinSxS\amd64_microsoft.windows.common-controls_6595b64144ccf1df_6.0.7601.18837_none_fa3b1e3d17594757\COMCTL32.dll
0x000007fefe000000 - 0x000007fefe071000 	C:\Windows\system32\SHLWAPI.dll
0x000007fefea00000 - 0x000007fefea2e000 	C:\Windows\system32\IMM32.DLL
0x000007fefe7f0000 - 0x000007fefe8f9000 	C:\Windows\system32\MSCTF.dll
0x0000000067170000 - 0x0000000067242000 	C:\Program Files\Android\Android Studio\jre\jre\bin\msvcr100.dll
0x0000000007c40000 - 0x000000000847c000 	C:\Program Files\Android\Android Studio\jre\jre\bin\server\jvm.dll
0x000007fefaa20000 - 0x000007fefaa29000 	C:\Windows\system32\WSOCK32.dll
0x000007fefdf90000 - 0x000007fefdfdd000 	C:\Windows\system32\WS2_32.dll
0x000007fefeb60000 - 0x000007fefeb68000 	C:\Windows\system32\NSI.dll
0x000007fefcfb0000 - 0x000007fefcfeb000 	C:\Windows\system32\WINMM.dll
0x000007fefbd10000 - 0x000007fefbd1c000 	C:\Windows\system32\VERSION.dll
0x00000000773c0000 - 0x00000000773c7000 	C:\Windows\system32\PSAPI.DLL
0x000007fefaa10000 - 0x000007fefaa1f000 	C:\Program Files\Android\Android Studio\jre\jre\bin\verify.dll
0x000007fef83a0000 - 0x000007fef83c9000 	C:\Program Files\Android\Android Studio\jre\jre\bin\java.dll
0x000007fefa6c0000 - 0x000007fefa6d6000 	C:\Program Files\Android\Android Studio\jre\jre\bin\zip.dll
0x000007fefd160000 - 0x000007fefdeea000 	C:\Windows\system32\SHELL32.dll
0x000007feff170000 - 0x000007feff373000 	C:\Windows\system32\ole32.dll
0x000007fefcd00000 - 0x000007fefcd0f000 	C:\Windows\system32\profapi.dll
0x000007fef8140000 - 0x000007fef815a000 	C:\Program Files\Android\Android Studio\jre\jre\bin\net.dll
0x000007fefc470000 - 0x000007fefc4c5000 	C:\Windows\system32\mswsock.dll
0x000007fefc460000 - 0x000007fefc467000 	C:\Windows\System32\wship6.dll
0x000007fef6e60000 - 0x000007fef6e71000 	C:\Program Files\Android\Android Studio\jre\jre\bin\nio.dll
0x000007fef1210000 - 0x000007fef122e000 	C:\Users\cmcc\.gradle\native\23\windows-amd64\native-platform.dll
0x000007fefc4d0000 - 0x000007fefc4e8000 	C:\Windows\system32\CRYPTSP.dll
0x000007fefc1d0000 - 0x000007fefc217000 	C:\Windows\system32\rsaenh.dll
0x000007fefcf70000 - 0x000007fefcf8e000 	C:\Windows\system32\USERENV.dll
0x000007fefcb60000 - 0x000007fefcb6f000 	C:\Windows\system32\CRYPTBASE.dll
0x000007fefa790000 - 0x000007fefa7b7000 	C:\Windows\system32\IPHLPAPI.DLL
0x000007fefa780000 - 0x000007fefa78b000 	C:\Windows\system32\WINNSI.DLL
0x000007fefa4c0000 - 0x000007fefa4d8000 	C:\Windows\system32\dhcpcsvc.DLL
0x000007fef9fd0000 - 0x000007fef9fe1000 	C:\Windows\system32\dhcpcsvc6.DLL
0x000007fefa680000 - 0x000007fefa68d000 	C:\Program Files\Android\Android Studio\jre\jre\bin\management.dll
0x000007fefcb00000 - 0x000007fefcb57000 	C:\Windows\system32\apphelp.dll

VM Arguments:
jvm_args: -Xmx1536m -Dfile.encoding=GBK -Duser.country=CN -Duser.language=zh -Duser.variant 
java_command: org.gradle.launcher.daemon.bootstrap.GradleDaemon 3.3
java_class_path (initial): C:\Users\cmcc\.gradle\wrapper\dists\gradle-3.3-all\55gk2rcmfc6p2dg9u9ohc3hw9\gradle-3.3\lib\gradle-launcher-3.3.jar
Launcher Type: SUN_STANDARD

Environment Variables:
JAVA_HOME=C:\j2sdk1.4.2_04
CLASSPATH=.;C:\j2sdk1.4.2_04\lib\dt.jar;C:\j2sdk1.4.2_04\lib\tool.jar;C:\j2sdk1.4.2_04\bin;C:\java_card_kit-2_2_1\lib\api.jar;C:\java_card_kit-2_2_1\lib\base-opt.jar;C:\java_card_kit-2_2_1\lib\sim.jar;C:\java_card_kit-2_2_1\lib\gp211.jar
PATH=C:\ProgramData\Oracle\Java\javapath;C:\Windows\system32;C:\Windows;C:\Windows\System32\Wbem;C:\Windows\System32\WindowsPowerShell\v1.0\;C:\Program Files\TortoiseSVN\bin;C:\java_card_kit-2_2_1\bin;C:\j2sdk1.4.2_04;C:\j2sdk1.4.2_04\bin;C:\apache-maven-3.3.3\bin;C:\Users\cmcc\AppData\Local\Android\sdk\platform-tools;C:\Users\cmcc\AppData\Local\Android\sdk\platform-tools;;C:\Program Files\Git\cmd;C:\Program Files (x86)\apache-maven-3.2.2\bin
USERNAME=cmcc
OS=Windows_NT
PROCESSOR_IDENTIFIER=Intel64 Family 6 Model 69 Stepping 1, GenuineIntel



---------------  S Y S T E M  ---------------

OS: Windows 7 , 64 bit Build 7601 (6.1.7601.23677)

CPU:total 4 (2 cores per cpu, 2 threads per core) family 6 model 69 stepping 1, cmov, cx8, fxsr, mmx, sse, sse2, sse3, ssse3, sse4.1, sse4.2, popcnt, avx, avx2, aes, clmul, erms, lzcnt, ht, tsc, tscinvbit, bmi1, bmi2

Memory: 4k page, physical 4100804k(155900k free), swap 4863316k(7108k free)

vm_info: OpenJDK 64-Bit Server VM (25.112-b06) for windows-amd64 JRE (1.8.0_112-release-b06), built on Dec  8 2016 00:54:26 by "builder" with MS VC++ 10.0 (VS2010)

time: Tue May 23 14:21:41 2017
elapsed time: 14 seconds (0d 0h 0m 14s)

